TN:
SF:/home/travis/build/AlexAegis/advent-of-code/src/bench.function.ts
FN:9,(anonymous_0)
FN:11,(anonymous_1)
FN:12,(anonymous_2)
FNF:3
FNH:0
FNDA:0,(anonymous_0)
FNDA:0,(anonymous_1)
FNDA:0,(anonymous_2)
DA:1,1
DA:9,1
DA:10,0
DA:11,0
DA:12,0
DA:13,0
DA:16,0
DA:18,0
DA:19,0
DA:20,0
DA:22,0
DA:23,0
DA:24,0
DA:26,0
DA:27,0
DA:28,0
DA:29,0
DA:30,0
DA:31,0
LF:19
LH:2
BRF:0
BRH:0
end_of_record
TN:
SF:/home/travis/build/AlexAegis/advent-of-code/src/reader.function.ts
FN:10,(anonymous_0)
FN:10,(anonymous_1)
FNF:2
FNH:2
FNDA:2,(anonymous_0)
FNDA:2,(anonymous_1)
DA:1,1
DA:10,2
DA:11,2
LF:3
LH:3
BRDA:11,0,0,2
BRDA:11,0,1,0
BRF:2
BRH:1
end_of_record
TN:
SF:/home/travis/build/AlexAegis/advent-of-code/src/2015/day01/typescript/part_one.ts
FN:4,(anonymous_0)
FN:5,(anonymous_1)
FN:5,(anonymous_2)
FN:8,(anonymous_3)
FNF:4
FNH:3
FNDA:10,(anonymous_0)
FNDA:7042,(anonymous_1)
FNDA:7041,(anonymous_2)
FNDA:0,(anonymous_3)
DA:1,1
DA:2,1
DA:4,1
DA:5,7042
DA:7,1
DA:8,0
LF:6
LH:5
BRDA:5,0,0,7042
BRDA:5,0,1,3484
BRDA:5,1,0,3558
BRDA:5,1,1,3483
BRDA:7,2,0,0
BRDA:7,2,1,1
BRF:6
BRH:5
end_of_record
TN:
SF:/home/travis/build/AlexAegis/advent-of-code/src/2015/day01/typescript/part_two.ts
FN:4,(anonymous_0)
FN:7,(anonymous_1)
FN:16,(anonymous_2)
FNF:3
FNH:2
FNDA:3,(anonymous_0)
FNDA:7007,(anonymous_1)
FNDA:0,(anonymous_2)
DA:1,1
DA:2,1
DA:4,1
DA:5,3
DA:6,3
DA:7,7007
DA:8,1801
DA:9,1801
DA:10,1801
DA:12,3
DA:15,1
DA:16,0
LF:12
LH:11
BRDA:7,0,0,7007
BRDA:7,0,1,3468
BRDA:8,1,0,899
BRDA:8,1,1,902
BRDA:10,2,0,3
BRDA:10,2,1,1798
BRDA:15,3,0,0
BRDA:15,3,1,1
BRF:8
BRH:7
end_of_record
TN:
SF:/home/travis/build/AlexAegis/advent-of-code/src/2018/day01/part_one.ts
FN:3,(anonymous_0)
FN:8,(anonymous_1)
FNF:2
FNH:1
FNDA:2,(anonymous_0)
FNDA:0,(anonymous_1)
DA:1,1
DA:3,1
DA:4,2
DA:6,1
DA:7,0
DA:8,0
DA:9,0
DA:10,0
LF:8
LH:4
BRDA:3,0,0,1
BRDA:6,1,0,0
BRDA:6,1,1,1
BRF:3
BRH:2
end_of_record
TN:
SF:/home/travis/build/AlexAegis/advent-of-code/src/2018/day01/part_two.ts
FN:4,(anonymous_0)
FN:15,(anonymous_1)
FN:29,(anonymous_2)
FN:31,(anonymous_3)
FN:32,(anonymous_4)
FN:49,(anonymous_5)
FNF:6
FNH:5
FNDA:2,(anonymous_0)
FNDA:130434,(anonymous_1)
FNDA:2,(anonymous_2)
FNDA:964,(anonymous_3)
FNDA:2,(anonymous_4)
FNDA:0,(anonymous_5)
DA:1,1
DA:2,1
DA:4,1
DA:5,2
DA:6,2
DA:7,2
DA:8,2
DA:10,2
DA:12,2
DA:15,2
DA:16,130434
DA:17,964
DA:19,130434
DA:20,130434
DA:21,129624
DA:22,129624
DA:23,129624
DA:24,2
DA:29,2
DA:30,2
DA:31,964
DA:33,2
DA:34,2
DA:35,2
DA:38,2
DA:40,2
DA:41,136
DA:44,2
DA:47,1
DA:48,0
DA:49,0
DA:50,0
DA:51,0
LF:33
LH:29
BRDA:4,0,0,1
BRDA:16,1,0,964
BRDA:16,1,1,129470
BRDA:20,2,0,129624
BRDA:20,2,1,810
BRDA:23,3,0,2
BRDA:23,3,1,129622
BRDA:47,4,0,0
BRDA:47,4,1,1
BRF:9
BRH:8
end_of_record
TN:
SF:/home/travis/build/AlexAegis/advent-of-code/src/2018/day02/part_one.ts
FN:10,(anonymous_0)
FN:18,(anonymous_1)
FN:21,(anonymous_2)
FN:23,(anonymous_3)
FN:24,(anonymous_4)
FN:31,(anonymous_5)
FN:35,(anonymous_6)
FN:42,(anonymous_7)
FNF:8
FNH:7
FNDA:514,(anonymous_0)
FNDA:11672,(anonymous_1)
FNDA:514,(anonymous_2)
FNDA:2,(anonymous_3)
FNDA:2,(anonymous_4)
FNDA:257,(anonymous_5)
FNDA:2,(anonymous_6)
FNDA:0,(anonymous_7)
DA:1,1
DA:2,1
DA:10,1
DA:11,514
DA:12,514
DA:13,514
DA:14,13084
DA:15,11672
DA:18,11672
DA:21,514
DA:23,1
DA:24,2
DA:25,2
DA:26,2
DA:27,2
DA:30,2
DA:32,257
DA:33,257
DA:36,2
DA:40,1
DA:41,0
DA:42,0
DA:43,0
DA:44,0
LF:24
LH:20
BRDA:10,0,0,257
BRDA:14,1,0,11672
BRDA:14,1,1,1412
BRDA:21,2,0,514
BRDA:21,2,1,277
BRDA:23,3,0,1
BRDA:32,4,0,252
BRDA:32,4,1,5
BRDA:33,5,0,25
BRDA:33,5,1,232
BRDA:40,6,0,0
BRDA:40,6,1,1
BRF:12
BRH:11
end_of_record
TN:
SF:/home/travis/build/AlexAegis/advent-of-code/src/2018/day02/part_two.ts
FN:4,(anonymous_0)
FN:5,(anonymous_1)
FN:10,(anonymous_2)
FN:11,(anonymous_3)
FN:32,(anonymous_4)
FNF:5
FNH:4
FNDA:2,(anonymous_0)
FNDA:2,(anonymous_1)
FNDA:255,(anonymous_2)
FNDA:30891,(anonymous_3)
FNDA:0,(anonymous_4)
DA:1,1
DA:2,1
DA:4,1
DA:5,2
DA:6,2
DA:7,2
DA:10,2
DA:11,255
DA:12,30891
DA:14,30891
DA:15,802866
DA:16,628343
DA:18,174523
DA:21,30891
DA:22,2
DA:23,2
DA:26,255
DA:30,1
DA:31,0
DA:32,0
DA:33,0
DA:34,0
LF:22
LH:18
BRDA:4,0,0,1
BRDA:15,1,0,628343
BRDA:15,1,1,174523
BRDA:21,2,0,2
BRDA:21,2,1,30889
BRDA:30,3,0,0
BRDA:30,3,1,1
BRF:7
BRH:6
end_of_record
TN:
SF:/home/travis/build/AlexAegis/advent-of-code/src/2018/day03/claim.interface.ts
FNF:0
FNH:0
LF:0
LH:0
BRF:0
BRH:0
end_of_record
TN:
SF:/home/travis/build/AlexAegis/advent-of-code/src/2018/day03/coord.interface.ts
FNF:0
FNH:0
LF:0
LH:0
BRF:0
BRH:0
end_of_record
TN:
SF:/home/travis/build/AlexAegis/advent-of-code/src/2018/day03/interpret.function.ts
FN:3,(anonymous_0)
FN:4,(anonymous_1)
FNF:2
FNH:2
FNDA:2724,(anonymous_0)
FNDA:16344,(anonymous_1)
DA:3,1
DA:4,16344
DA:5,2724
LF:3
LH:3
BRF:0
BRH:0
end_of_record
TN:
SF:/home/travis/build/AlexAegis/advent-of-code/src/2018/day03/part_one.ts
FN:5,(anonymous_0)
FN:6,(anonymous_1)
FN:12,(anonymous_2)
FN:26,(anonymous_3)
FN:26,(anonymous_4)
FN:31,(anonymous_5)
FNF:6
FNH:5
FNDA:2,(anonymous_0)
FNDA:2,(anonymous_1)
FNDA:1362,(anonymous_2)
FNDA:2,(anonymous_3)
FNDA:351868,(anonymous_4)
FNDA:0,(anonymous_5)
DA:1,1
DA:2,1
DA:3,1
DA:5,1
DA:6,2
DA:7,2
DA:8,2
DA:11,2
DA:13,1362
DA:14,1362
DA:15,26131
DA:16,506465
DA:17,506465
DA:18,506465
DA:19,154597
DA:21,506465
DA:22,506465
DA:26,351868
DA:29,1
DA:30,0
DA:31,0
DA:32,0
DA:33,0
LF:23
LH:19
BRDA:5,0,0,1
BRDA:18,1,0,154597
BRDA:18,1,1,351868
BRDA:29,2,0,0
BRDA:29,2,1,1
BRF:5
BRH:4
end_of_record
TN:
SF:/home/travis/build/AlexAegis/advent-of-code/src/2018/day03/part_two.ts
FN:6,(anonymous_0)
FN:7,(anonymous_1)
FN:14,(anonymous_2)
FN:29,(anonymous_3)
FN:50,(anonymous_4)
FNF:5
FNH:4
FNDA:2,(anonymous_0)
FNDA:2,(anonymous_1)
FNDA:1362,(anonymous_2)
FNDA:2,(anonymous_3)
FNDA:0,(anonymous_4)
DA:1,1
DA:2,1
DA:4,1
DA:6,1
DA:7,2
DA:8,2
DA:9,2
DA:12,2
DA:13,2
DA:15,1362
DA:16,1362
DA:17,1362
DA:18,26131
DA:19,506465
DA:20,506465
DA:21,506465
DA:22,154597
DA:24,506465
DA:25,506465
DA:32,2
DA:33,385
DA:34,385
DA:35,7406
DA:36,140609
DA:39,385
DA:40,2
DA:41,2
DA:44,2
DA:48,1
DA:49,0
DA:50,0
DA:51,0
DA:52,0
LF:33
LH:29
BRDA:6,0,0,1
BRDA:21,1,0,154597
BRDA:21,1,1,351868
BRDA:36,2,0,140609
BRDA:36,2,1,15724
BRDA:39,3,0,2
BRDA:39,3,1,383
BRDA:48,4,0,0
BRDA:48,4,1,1
BRF:9
BRH:8
end_of_record
TN:
SF:/home/travis/build/AlexAegis/advent-of-code/src/2018/day04/event.interface.ts
FNF:0
FNH:0
LF:0
LH:0
BRF:0
BRH:0
end_of_record
TN:
SF:/home/travis/build/AlexAegis/advent-of-code/src/2018/day04/interpret.function.ts
FN:3,(anonymous_0)
FN:4,(anonymous_1)
FNF:2
FNH:2
FNDA:2114,(anonymous_0)
FNDA:13218,(anonymous_1)
DA:3,1
DA:4,13218
DA:5,2114
LF:3
LH:3
BRDA:11,0,0,534
BRDA:11,0,1,1580
BRF:2
BRH:2
end_of_record
TN:
SF:/home/travis/build/AlexAegis/advent-of-code/src/2018/day04/part_one.ts
FN:3,(anonymous_0)
FN:28,(anonymous_1)
FN:31,(anonymous_2)
FN:46,(anonymous_3)
FN:57,(anonymous_4)
FNF:5
FNH:4
FNDA:2,(anonymous_0)
FNDA:25,(anonymous_1)
FNDA:1166,(anonymous_2)
FNDA:106,(anonymous_3)
FNDA:0,(anonymous_4)
DA:1,1
DA:3,1
DA:4,2
DA:7,2
DA:8,2
DA:9,1057
DA:10,267
DA:11,267
DA:12,25
DA:14,267
DA:15,790
DA:16,395
DA:17,395
DA:18,395
DA:19,395
DA:20,6416
DA:22,395
DA:26,2
DA:27,2
DA:28,2
DA:29,25
DA:30,22
DA:32,1166
DA:35,22
DA:36,5
DA:37,5
DA:41,2
DA:43,2
DA:45,2
DA:47,106
DA:51,2
DA:52,2
DA:55,1
DA:56,0
DA:57,0
DA:58,0
DA:59,0
LF:37
LH:33
BRDA:3,0,0,1
BRDA:9,1,0,267
BRDA:9,1,1,790
BRDA:11,2,0,25
BRDA:11,2,1,242
BRDA:15,3,0,395
BRDA:15,3,1,395
BRDA:17,4,0,395
BRDA:17,4,1,0
BRDA:20,5,0,5228
BRDA:20,5,1,1188
BRDA:29,6,0,22
BRDA:29,6,1,3
BRDA:32,7,0,636
BRDA:32,7,1,530
BRDA:35,8,0,5
BRDA:35,8,1,17
BRDA:47,9,0,17
BRDA:47,9,1,89
BRDA:55,10,0,0
BRDA:55,10,1,1
BRF:21
BRH:19
end_of_record
TN:
SF:/home/travis/build/AlexAegis/advent-of-code/src/2018/day04/part_two.ts
FN:3,(anonymous_0)
FN:30,(anonymous_1)
FN:33,(anonymous_2)
FN:52,(anonymous_3)
FNF:4
FNH:3
FNDA:2,(anonymous_0)
FNDA:25,(anonymous_1)
FNDA:1166,(anonymous_2)
FNDA:0,(anonymous_3)
DA:1,1
DA:3,1
DA:4,2
DA:7,2
DA:8,2
DA:9,1057
DA:10,267
DA:11,267
DA:12,25
DA:14,267
DA:15,790
DA:16,395
DA:17,395
DA:18,395
DA:19,395
DA:20,6416
DA:22,395
DA:26,2
DA:27,2
DA:28,2
DA:30,2
DA:31,25
DA:32,22
DA:34,1166
DA:40,22
DA:41,6
DA:42,6
DA:43,6
DA:47,2
DA:50,1
DA:51,0
DA:52,0
DA:53,0
DA:54,0
LF:34
LH:30
BRDA:3,0,0,1
BRDA:9,1,0,267
BRDA:9,1,1,790
BRDA:11,2,0,25
BRDA:11,2,1,242
BRDA:15,3,0,395
BRDA:15,3,1,395
BRDA:17,4,0,395
BRDA:17,4,1,0
BRDA:20,5,0,5228
BRDA:20,5,1,1188
BRDA:31,6,0,22
BRDA:31,6,1,3
BRDA:35,7,0,79
BRDA:35,7,1,1087
BRDA:36,8,0,79
BRDA:36,8,1,1087
BRDA:40,9,0,6
BRDA:40,9,1,16
BRDA:50,10,0,0
BRDA:50,10,1,1
BRF:21
BRH:19
end_of_record
TN:
SF:/home/travis/build/AlexAegis/advent-of-code/src/2018/day04/reader.function.ts
FN:6,(anonymous_0)
FN:7,(anonymous_1)
FN:12,(anonymous_2)
FN:13,(anonymous_3)
FN:15,(anonymous_4)
FNF:5
FNH:5
FNDA:4,(anonymous_0)
FNDA:4,(anonymous_1)
FNDA:2114,(anonymous_2)
FNDA:4,(anonymous_3)
FNDA:21098,(anonymous_4)
DA:2,1
DA:3,1
DA:4,1
DA:6,1
DA:7,4
DA:8,4
DA:9,4
DA:12,2114
DA:14,4
DA:16,21098
LF:10
LH:10
BRDA:6,0,0,0
BRDA:17,1,0,0
BRDA:17,1,1,21098
BRDA:19,2,0,6772
BRDA:19,2,1,14326
BRDA:21,3,0,11492
BRDA:21,3,1,2834
BRDA:23,4,0,620
BRDA:23,4,1,2214
BRDA:25,5,0,2214
BRDA:25,5,1,0
BRF:11
BRH:8
end_of_record
TN:
SF:/home/travis/build/AlexAegis/advent-of-code/src/2018/day05/collapse.function.ts
FN:1,(anonymous_0)
FN:2,(anonymous_1)
FNF:2
FNH:2
FNDA:32,(anonymous_0)
FNDA:1300034,(anonymous_1)
DA:1,1
DA:2,32
DA:3,1300034
LF:3
LH:3
BRDA:4,0,0,531815
BRDA:4,0,1,768219
BRDA:3,1,0,1300034
BRDA:3,1,1,1299281
BRDA:3,1,2,1283408
BRF:5
BRH:5
end_of_record
TN:
SF:/home/travis/build/AlexAegis/advent-of-code/src/2018/day05/part_one.ts
FN:4,(anonymous_0)
FN:10,(anonymous_1)
FNF:2
FNH:1
FNDA:2,(anonymous_0)
FNDA:0,(anonymous_1)
DA:1,1
DA:2,1
DA:4,1
DA:5,2
DA:8,1
DA:9,0
DA:10,0
DA:11,0
DA:12,0
LF:9
LH:5
BRDA:4,0,0,1
BRDA:8,1,0,0
BRDA:8,1,1,1
BRF:3
BRH:2
end_of_record
TN:
SF:/home/travis/build/AlexAegis/advent-of-code/src/2018/day05/part_two.ts
FN:4,(anonymous_0)
FN:7,(anonymous_1)
FN:15,(anonymous_2)
FN:29,(anonymous_3)
FNF:4
FNH:3
FNDA:2,(anonymous_0)
FNDA:50014,(anonymous_1)
FNDA:1300034,(anonymous_2)
FNDA:0,(anonymous_3)
DA:1,1
DA:2,1
DA:4,1
DA:5,2
DA:7,2
DA:8,50014
DA:14,2
DA:15,1300034
DA:16,30
DA:17,30
DA:18,9
DA:19,9
DA:23,2
DA:24,2
DA:27,1
DA:28,0
DA:29,0
DA:30,0
DA:31,0
LF:19
LH:15
BRDA:4,0,0,1
BRDA:8,1,0,49986
BRDA:8,1,1,28
BRDA:15,2,0,50014
BRDA:15,2,1,1250020
BRDA:17,3,0,9
BRDA:17,3,1,21
BRDA:17,4,0,30
BRDA:17,4,1,28
BRDA:27,5,0,0
BRDA:27,5,1,1
BRF:11
BRH:10
end_of_record
TN:
SF:/home/travis/build/AlexAegis/advent-of-code/src/2018/day06/coord.class.ts
FN:2,(anonymous_0)
FN:4,(anonymous_1)
FN:10,(anonymous_2)
FN:14,(anonymous_3)
FN:18,(anonymous_4)
FNF:5
FNH:4
FNDA:94293,(anonymous_0)
FNDA:0,(anonymous_1)
FNDA:6,(anonymous_2)
FNDA:47514346,(anonymous_3)
FNDA:94226,(anonymous_4)
DA:1,1
DA:2,94293
DA:5,0
DA:6,0
DA:7,0
DA:11,6
DA:15,47514346
DA:19,94226
LF:8
LH:5
BRF:0
BRH:0
end_of_record
TN:
SF:/home/travis/build/AlexAegis/advent-of-code/src/2018/day06/part_one.ts
FN:4,(anonymous_0)
FN:5,(anonymous_1)
FN:12,(anonymous_2)
FN:35,(anonymous_3)
FN:42,(anonymous_4)
FN:45,(anonymous_5)
FN:55,(anonymous_6)
FN:60,(anonymous_7)
FNF:8
FNH:7
FNDA:2,(anonymous_0)
FNDA:2,(anonymous_1)
FNDA:56,(anonymous_2)
FNDA:21258730,(anonymous_3)
FNDA:56,(anonymous_4)
FNDA:58837,(anonymous_5)
FNDA:33,(anonymous_6)
FNDA:0,(anonymous_7)
DA:1,1
DA:2,1
DA:4,1
DA:5,2
DA:6,2
DA:12,2
DA:13,56
DA:14,8
DA:16,56
DA:17,7
DA:19,56
DA:20,9
DA:22,56
DA:23,6
DA:27,2
DA:28,2
DA:29,2
DA:30,2
DA:31,56
DA:33,2
DA:34,314
DA:35,21258730
DA:36,96148
DA:37,94170
DA:41,2
DA:42,2
DA:43,56
DA:46,58837
DA:52,35
DA:55,33
DA:58,1
DA:59,0
DA:60,0
DA:61,0
DA:62,0
LF:35
LH:31
BRDA:4,0,0,1
BRDA:13,1,0,8
BRDA:13,1,1,48
BRDA:13,2,0,56
BRDA:13,2,1,54
BRDA:16,3,0,7
BRDA:16,3,1,49
BRDA:16,4,0,56
BRDA:16,4,1,54
BRDA:19,5,0,9
BRDA:19,5,1,47
BRDA:19,6,0,56
BRDA:19,6,1,54
BRDA:22,7,0,6
BRDA:22,7,1,50
BRDA:22,8,0,56
BRDA:22,8,1,54
BRDA:36,9,0,94170
BRDA:36,9,1,1978
BRDA:43,10,0,35
BRDA:43,10,1,21
BRDA:46,11,0,58837
BRDA:46,11,1,58829
BRDA:46,11,2,58821
BRDA:46,11,3,58821
BRDA:55,12,0,5
BRDA:55,12,1,28
BRDA:55,13,0,33
BRDA:55,13,1,33
BRDA:58,14,0,0
BRDA:58,14,1,1
BRF:31
BRH:30
end_of_record
TN:
SF:/home/travis/build/AlexAegis/advent-of-code/src/2018/day06/part_two.ts
FN:4,(anonymous_0)
FN:5,(anonymous_1)
FN:12,(anonymous_2)
FN:34,(anonymous_3)
FN:34,(anonymous_4)
FN:44,(anonymous_5)
FNF:6
FNH:5
FNDA:2,(anonymous_0)
FNDA:2,(anonymous_1)
FNDA:56,(anonymous_2)
FNDA:4804584,(anonymous_3)
FNDA:4708436,(anonymous_4)
FNDA:0,(anonymous_5)
DA:1,1
DA:2,1
DA:4,1
DA:5,2
DA:6,2
DA:12,2
DA:13,56
DA:14,8
DA:16,56
DA:17,7
DA:19,56
DA:20,9
DA:22,56
DA:23,6
DA:27,2
DA:28,2
DA:30,2
DA:31,2
DA:32,2
DA:33,314
DA:34,4804584
DA:35,43014
DA:39,2
DA:42,1
DA:43,0
DA:44,0
DA:45,0
DA:46,0
LF:28
LH:24
BRDA:4,0,0,0
BRDA:13,1,0,8
BRDA:13,1,1,48
BRDA:13,2,0,56
BRDA:13,2,1,54
BRDA:16,3,0,7
BRDA:16,3,1,49
BRDA:16,4,0,56
BRDA:16,4,1,54
BRDA:19,5,0,9
BRDA:19,5,1,47
BRDA:19,6,0,56
BRDA:19,6,1,54
BRDA:22,7,0,6
BRDA:22,7,1,50
BRDA:22,8,0,56
BRDA:22,8,1,54
BRDA:30,9,0,1
BRDA:30,9,1,1
BRDA:34,10,0,43014
BRDA:34,10,1,53134
BRDA:42,11,0,0
BRDA:42,11,1,1
BRF:23
BRH:21
end_of_record
TN:
SF:/home/travis/build/AlexAegis/advent-of-code/src/2018/day06/reader.function.ts
FN:5,(anonymous_0)
FN:6,(anonymous_1)
FN:11,(anonymous_2)
FN:15,(anonymous_3)
FNF:4
FNH:4
FNDA:4,(anonymous_0)
FNDA:4,(anonymous_1)
FNDA:112,(anonymous_2)
FNDA:4,(anonymous_3)
DA:1,1
DA:2,1
DA:3,1
DA:5,1
DA:6,4
DA:7,4
DA:8,4
DA:12,112
DA:13,112
DA:15,4
LF:10
LH:10
BRDA:5,0,0,0
BRF:1
BRH:0
end_of_record
TN:
SF:/home/travis/build/AlexAegis/advent-of-code/src/2018/day07/graph.interface.ts
FNF:0
FNH:0
LF:0
LH:0
BRF:0
BRH:0
end_of_record
TN:
SF:/home/travis/build/AlexAegis/advent-of-code/src/2018/day07/node.class.ts
FN:4,(anonymous_0)
FN:5,(anonymous_1)
FN:6,(anonymous_2)
FN:7,(anonymous_3)
FNF:4
FNH:4
FNDA:36,(anonymous_0)
FNDA:201000,(anonymous_1)
FNDA:200993,(anonymous_2)
FNDA:176344,(anonymous_3)
DA:1,1
DA:2,36
DA:3,36
DA:4,36
DA:5,201000
DA:6,200993
DA:7,176344
LF:7
LH:7
BRDA:5,0,0,4
BRDA:5,1,0,200904
BRDA:5,1,1,96
BRDA:6,2,0,0
BRF:4
BRH:3
end_of_record
TN:
SF:/home/travis/build/AlexAegis/advent-of-code/src/2018/day07/part_one.ts
FN:9,(anonymous_0)
FN:10,(anonymous_1)
FN:16,(anonymous_2)
FN:18,(anonymous_3)
FN:21,(anonymous_4)
FN:26,(anonymous_5)
FN:29,(anonymous_6)
FN:31,(anonymous_7)
FN:38,(anonymous_8)
FN:52,(anonymous_9)
FN:54,(anonymous_10)
FN:65,(anonymous_11)
FNF:12
FNH:11
FNDA:2,(anonymous_0)
FNDA:2,(anonymous_1)
FNDA:108,(anonymous_2)
FNDA:1257,(anonymous_3)
FNDA:1554,(anonymous_4)
FNDA:2,(anonymous_5)
FNDA:2,(anonymous_6)
FNDA:114,(anonymous_7)
FNDA:705,(anonymous_8)
FNDA:11682,(anonymous_9)
FNDA:1206,(anonymous_10)
FNDA:0,(anonymous_11)
DA:1,1
DA:2,1
DA:9,1
DA:10,2
DA:11,2
DA:13,2
DA:17,108
DA:18,1257
DA:19,14
DA:21,1554
DA:22,18
DA:24,108
DA:26,2
DA:29,1
DA:30,2
DA:31,2
DA:32,114
DA:33,0
DA:35,114
DA:38,2
DA:39,705
DA:40,132
DA:41,0
DA:43,132
DA:46,573
DA:49,2
DA:50,2
DA:51,32
DA:52,11682
DA:53,32
DA:54,1206
DA:55,32
DA:56,32
DA:60,2
DA:63,1
DA:64,0
DA:65,0
DA:66,0
DA:67,0
LF:39
LH:33
BRDA:9,0,0,0
BRDA:18,1,0,14
BRDA:18,1,1,94
BRDA:21,2,0,18
BRDA:21,2,1,90
BRDA:29,3,0,1
BRDA:32,4,0,0
BRDA:32,4,1,114
BRDA:35,5,0,67
BRDA:35,5,1,47
BRDA:39,6,0,132
BRDA:39,6,1,573
BRDA:40,7,0,0
BRDA:40,7,1,132
BRDA:43,8,0,73
BRDA:43,8,1,59
BRDA:46,9,0,419
BRDA:46,9,1,154
BRDA:52,10,0,32
BRDA:52,10,1,170
BRDA:63,11,0,0
BRDA:63,11,1,1
BRF:22
BRH:18
end_of_record
TN:
SF:/home/travis/build/AlexAegis/advent-of-code/src/2018/day07/part_two.ts
FN:18,(anonymous_0)
FN:20,(anonymous_1)
FN:30,(anonymous_2)
FN:31,(anonymous_3)
FN:37,(anonymous_4)
FN:47,(anonymous_5)
FN:51,(anonymous_6)
FN:73,(anonymous_7)
FN:74,(anonymous_8)
FN:80,(anonymous_9)
FN:82,(anonymous_10)
FN:83,(anonymous_11)
FN:94,(anonymous_12)
FN:95,(anonymous_13)
FN:102,(anonymous_14)
FN:118,(anonymous_15)
FN:119,(anonymous_16)
FN:127,(anonymous_17)
FN:133,(anonymous_18)
FN:147,(anonymous_19)
FN:150,(anonymous_20)
FN:151,(anonymous_21)
FN:157,(anonymous_22)
FN:160,(anonymous_23)
FN:171,(anonymous_24)
FNF:25
FNH:24
FNDA:7,(anonymous_0)
FNDA:7,(anonymous_1)
FNDA:7,(anonymous_2)
FNDA:5307,(anonymous_3)
FNDA:2716786,(anonymous_4)
FNDA:88342,(anonymous_5)
FNDA:142,(anonymous_6)
FNDA:2,(anonymous_7)
FNDA:2,(anonymous_8)
FNDA:108,(anonymous_9)
FNDA:1257,(anonymous_10)
FNDA:1545,(anonymous_11)
FNDA:2,(anonymous_12)
FNDA:114,(anonymous_13)
FNDA:2590,(anonymous_14)
FNDA:2,(anonymous_15)
FNDA:2,(anonymous_16)
FNDA:1132,(anonymous_17)
FNDA:1132,(anonymous_18)
FNDA:2,(anonymous_19)
FNDA:2,(anonymous_20)
FNDA:7,(anonymous_21)
FNDA:2,(anonymous_22)
FNDA:7,(anonymous_23)
FNDA:0,(anonymous_24)
DA:1,1
DA:2,1
DA:3,1
DA:4,1
DA:5,1
DA:7,1
DA:14,1
DA:18,7
DA:20,7
DA:27,7
DA:28,7
DA:30,7
DA:31,7
DA:32,5307
DA:33,3407
DA:34,88002
DA:38,2716786
DA:42,32
DA:43,32
DA:47,88342
DA:49,7
DA:51,142
DA:53,2
DA:58,5307
DA:59,1932
DA:63,5307
DA:65,32
DA:66,32
DA:67,32
DA:73,1
DA:74,2
DA:75,2
DA:77,2
DA:81,108
DA:82,1257
DA:83,1545
DA:84,108
DA:85,14
DA:86,14
DA:88,108
DA:89,18
DA:90,18
DA:92,108
DA:95,2
DA:96,114
DA:97,0
DA:99,114
DA:102,2
DA:103,2590
DA:104,111
DA:105,0
DA:107,111
DA:110,2479
DA:114,2
DA:118,1
DA:119,2
DA:120,2
DA:122,2
DA:123,2
DA:124,2
DA:126,2
DA:128,1132
DA:147,2
DA:150,2
DA:151,7
DA:152,2
DA:157,2
DA:160,2
DA:162,7
DA:166,2
DA:169,1
DA:170,0
DA:171,0
DA:172,0
DA:173,0
LF:75
LH:69
BRDA:32,0,0,3407
BRDA:32,0,1,1900
BRDA:34,1,0,32
BRDA:34,1,1,87970
BRDA:35,2,0,88002
BRDA:35,2,1,26924
BRDA:38,3,0,2716786
BRDA:38,3,1,196987
BRDA:38,3,2,102554
BRDA:47,4,0,7
BRDA:47,4,1,3400
BRDA:51,5,0,2
BRDA:51,5,1,5
BRDA:58,6,0,1932
BRDA:58,6,1,3375
BRDA:58,7,0,5307
BRDA:58,7,1,1932
BRDA:63,8,0,32
BRDA:63,8,1,5275
BRDA:63,9,0,5307
BRDA:63,9,1,1932
BRDA:73,10,0,0
BRDA:84,11,0,14
BRDA:84,11,1,94
BRDA:88,12,0,18
BRDA:88,12,1,90
BRDA:96,13,0,0
BRDA:96,13,1,114
BRDA:99,14,0,67
BRDA:99,14,1,47
BRDA:103,15,0,111
BRDA:103,15,1,2479
BRDA:104,16,0,0
BRDA:104,16,1,111
BRDA:107,17,0,0
BRDA:107,17,1,111
BRDA:110,18,0,0
BRDA:110,18,1,2479
BRDA:118,19,0,1
BRDA:160,20,0,1
BRDA:160,20,1,1
BRDA:169,21,0,0
BRDA:169,21,1,1
BRF:43
BRH:37
end_of_record
TN:
SF:/home/travis/build/AlexAegis/advent-of-code/src/2018/day07/vertice.class.ts
FN:4,(anonymous_0)
FN:5,(anonymous_1)
FNF:2
FNH:2
FNDA:108,(anonymous_0)
FNDA:196987,(anonymous_1)
DA:3,1
DA:4,108
DA:5,196987
LF:3
LH:3
BRDA:5,0,0,0
BRF:1
BRH:0
end_of_record
TN:
SF:/home/travis/build/AlexAegis/advent-of-code/src/2018/day08/node.class.ts
FN:12,(anonymous_0)
FN:21,(anonymous_1)
FN:32,(anonymous_2)
FN:34,(anonymous_3)
FN:36,(anonymous_4)
FN:39,(anonymous_5)
FN:42,(anonymous_6)
FN:43,(anonymous_7)
FN:44,(anonymous_8)
FN:47,(anonymous_9)
FN:48,(anonymous_10)
FN:48,(anonymous_11)
FNF:12
FNH:9
FNDA:3926,(anonymous_0)
FNDA:7848,(anonymous_1)
FNDA:2668,(anonymous_2)
FNDA:1961,(anonymous_3)
FNDA:19895,(anonymous_4)
FNDA:1000,(anonymous_5)
FNDA:1929,(anonymous_6)
FNDA:998,(anonymous_7)
FNDA:998,(anonymous_8)
FNDA:0,(anonymous_9)
FNDA:0,(anonymous_10)
FNDA:0,(anonymous_11)
DA:1,1
DA:5,3926
DA:6,3926
DA:10,1
DA:12,3926
DA:13,3926
DA:14,3926
DA:15,3926
DA:16,3926
DA:17,3926
DA:18,3926
DA:21,3926
DA:22,7848
DA:23,3926
DA:24,3926
DA:25,3922
DA:26,3922
DA:28,3922
DA:32,3926
DA:33,2668
DA:34,1961
DA:36,19895
DA:39,3926
DA:40,1000
DA:42,1929
DA:43,998
DA:44,998
DA:48,0
LF:28
LH:27
BRDA:22,0,0,3926
BRDA:22,0,1,3922
BRDA:24,1,0,3922
BRDA:24,1,1,4
BRDA:41,2,0,295
BRDA:41,2,1,705
BRDA:42,3,0,1929
BRDA:42,3,1,1929
BRDA:13,4,0,3922
BRDA:13,4,1,4
BRDA:15,5,0,3922
BRDA:15,5,1,4
BRF:12
BRH:12
end_of_record
TN:
SF:/home/travis/build/AlexAegis/advent-of-code/src/2018/day08/part_one.ts
FN:4,(anonymous_0)
FN:5,(anonymous_1)
FN:9,(anonymous_2)
FNF:3
FNH:2
FNDA:2,(anonymous_0)
FNDA:2,(anonymous_1)
FNDA:0,(anonymous_2)
DA:1,1
DA:2,1
DA:4,1
DA:5,2
DA:7,1
DA:8,0
DA:9,0
DA:10,0
DA:11,0
LF:9
LH:5
BRDA:4,0,0,1
BRDA:7,1,0,0
BRDA:7,1,1,1
BRF:3
BRH:2
end_of_record
TN:
SF:/home/travis/build/AlexAegis/advent-of-code/src/2018/day08/part_two.ts
FN:4,(anonymous_0)
FN:5,(anonymous_1)
FN:9,(anonymous_2)
FNF:3
FNH:2
FNDA:2,(anonymous_0)
FNDA:2,(anonymous_1)
FNDA:0,(anonymous_2)
DA:1,1
DA:2,1
DA:4,1
DA:5,2
DA:7,1
DA:8,0
DA:9,0
DA:10,0
DA:11,0
LF:9
LH:5
BRDA:4,0,0,1
BRDA:7,1,0,0
BRDA:7,1,1,1
BRF:3
BRH:2
end_of_record
TN:
SF:/home/travis/build/AlexAegis/advent-of-code/src/2018/day08/reader.function.ts
FN:4,(anonymous_0)
FN:5,(anonymous_1)
FN:10,(anonymous_2)
FN:10,(anonymous_3)
FNF:4
FNH:4
FNDA:4,(anonymous_0)
FNDA:4,(anonymous_1)
FNDA:4,(anonymous_2)
FNDA:36522,(anonymous_3)
DA:1,1
DA:2,1
DA:4,1
DA:5,4
DA:6,4
DA:10,36522
LF:6
LH:6
BRDA:4,0,0,0
BRF:1
BRH:0
end_of_record
TN:
SF:/home/travis/build/AlexAegis/advent-of-code/src/2018/day09/part_one.ts
FN:4,(anonymous_0)
FN:5,(anonymous_1)
FN:19,(anonymous_2)
FN:24,(anonymous_3)
FNF:4
FNH:3
FNDA:7,(anonymous_0)
FNDA:7,(anonymous_1)
FNDA:584,(anonymous_2)
FNDA:0,(anonymous_3)
DA:1,1
DA:2,1
DA:4,1
DA:5,7
DA:6,7
DA:7,7
DA:8,7
DA:9,7
DA:10,93722
DA:11,4072
DA:12,4072
DA:13,4072
DA:15,89650
DA:16,89650
DA:19,584
DA:22,1
DA:23,0
DA:24,0
DA:25,0
DA:26,0
LF:20
LH:16
BRDA:4,0,0,1
BRDA:10,1,0,4072
BRDA:10,1,1,89650
BRDA:19,2,0,21
BRDA:19,2,1,563
BRDA:22,3,0,0
BRDA:22,3,1,1
BRF:7
BRH:6
end_of_record
TN:
SF:/home/travis/build/AlexAegis/advent-of-code/src/2018/day09/part_two.ts
FN:4,(anonymous_0)
FN:5,(anonymous_1)
FN:19,(anonymous_2)
FN:24,(anonymous_3)
FNF:4
FNH:3
FNDA:1,(anonymous_0)
FNDA:1,(anonymous_1)
FNDA:490,(anonymous_2)
FNDA:0,(anonymous_3)
DA:1,1
DA:2,1
DA:4,1
DA:5,1
DA:6,1
DA:7,1
DA:8,1
DA:9,1
DA:10,7105800
DA:11,308947
DA:12,308947
DA:13,308947
DA:15,6796853
DA:16,6796853
DA:19,490
DA:22,1
DA:23,0
DA:24,0
DA:25,0
DA:26,0
LF:20
LH:16
BRDA:4,0,0,1
BRDA:10,1,0,308947
BRDA:10,1,1,6796853
BRDA:19,2,0,3
BRDA:19,2,1,487
BRDA:22,3,0,0
BRDA:22,3,1,1
BRF:7
BRH:6
end_of_record
TN:
SF:/home/travis/build/AlexAegis/advent-of-code/src/2018/day09/reader.function.ts
FN:9,(anonymous_0)
FN:10,(anonymous_1)
FN:15,(anonymous_2)
FNF:3
FNH:3
FNDA:8,(anonymous_0)
FNDA:8,(anonymous_1)
FNDA:8,(anonymous_2)
DA:1,1
DA:2,1
DA:9,1
DA:10,8
DA:11,8
DA:16,8
DA:17,8
LF:7
LH:7
BRDA:9,0,0,0
BRF:1
BRH:0
end_of_record
TN:
SF:/home/travis/build/AlexAegis/advent-of-code/src/2018/day10/boundary.interface.ts
FNF:0
FNH:0
LF:0
LH:0
BRF:0
BRH:0
end_of_record
TN:
SF:/home/travis/build/AlexAegis/advent-of-code/src/2018/day10/coord.class.ts
FN:2,(anonymous_0)
FN:4,(anonymous_1)
FN:10,(anonymous_2)
FN:16,(anonymous_3)
FN:20,(anonymous_4)
FNF:5
FNH:5
FNDA:1506,(anonymous_0)
FNDA:3857764,(anonymous_1)
FNDA:403,(anonymous_2)
FNDA:1103,(anonymous_3)
FNDA:806,(anonymous_4)
DA:1,1
DA:2,1506
DA:5,3857764
DA:6,3857764
DA:7,3857764
DA:11,403
DA:12,403
DA:13,403
DA:17,1103
DA:21,806
DA:22,806
LF:11
LH:11
BRF:0
BRH:0
end_of_record
TN:
SF:/home/travis/build/AlexAegis/advent-of-code/src/2018/day10/reader.function.ts
FN:5,(anonymous_0)
FN:6,(anonymous_1)
FN:11,(anonymous_2)
FN:12,(anonymous_3)
FNF:4
FNH:4
FNDA:2,(anonymous_0)
FNDA:2,(anonymous_1)
FNDA:403,(anonymous_2)
FNDA:2,(anonymous_3)
DA:1,1
DA:2,1
DA:3,1
DA:5,1
DA:6,2
DA:7,2
DA:8,2
DA:11,403
DA:12,2
LF:9
LH:9
BRDA:5,0,0,0
BRF:1
BRH:0
end_of_record
TN:
SF:/home/travis/build/AlexAegis/advent-of-code/src/2018/day10/task.ts
FN:6,(anonymous_0)
FN:9,(anonymous_1)
FN:15,(anonymous_2)
FN:16,(anonymous_3)
FN:18,(anonymous_4)
FN:20,(anonymous_5)
FN:21,(anonymous_6)
FN:22,(anonymous_7)
FN:23,(anonymous_8)
FN:27,(anonymous_9)
FN:28,(anonymous_10)
FN:30,(anonymous_11)
FN:34,(anonymous_12)
FN:47,(anonymous_13)
FN:48,(anonymous_14)
FN:52,(anonymous_15)
FN:60,(anonymous_16)
FN:69,(anonymous_17)
FNF:18
FNH:15
FNDA:0,(anonymous_0)
FNDA:0,(anonymous_1)
FNDA:2,(anonymous_2)
FNDA:10374,(anonymous_3)
FNDA:10378,(anonymous_4)
FNDA:3858570,(anonymous_5)
FNDA:3858570,(anonymous_6)
FNDA:3858570,(anonymous_7)
FNDA:3858570,(anonymous_8)
FNDA:7696384,(anonymous_9)
FNDA:7696384,(anonymous_10)
FNDA:2,(anonymous_11)
FNDA:403,(anonymous_12)
FNDA:2,(anonymous_13)
FNDA:2,(anonymous_14)
FNDA:3857764,(anonymous_15)
FNDA:403,(anonymous_16)
FNDA:0,(anonymous_17)
DA:2,1
DA:3,1
DA:6,1
DA:7,0
DA:8,0
DA:9,0
DA:10,0
DA:11,0
DA:15,2
DA:16,10374
DA:18,1
DA:19,10378
DA:20,3858570
DA:21,3858570
DA:22,3858570
DA:23,3858570
DA:27,7696384
DA:28,7696384
DA:30,1
DA:31,2
DA:32,2
DA:34,403
DA:36,2
DA:37,2
DA:38,18
DA:39,18
DA:40,700
DA:42,18
DA:44,2
DA:47,1
DA:48,2
DA:49,2
DA:50,2
DA:51,2
DA:52,10374
DA:53,3857764
DA:55,10374
DA:56,10374
DA:57,10372
DA:58,2
DA:60,2
DA:61,403
DA:63,2
DA:64,2
DA:67,1
DA:68,0
DA:69,0
DA:70,0
DA:71,0
LF:49
LH:40
BRDA:27,0,0,103673
BRDA:27,0,1,7592711
BRDA:28,1,0,124448
BRDA:28,1,1,7571936
BRDA:40,2,0,211
BRDA:40,2,1,489
BRDA:47,3,0,1
BRDA:56,4,0,10372
BRDA:56,4,1,2
BRDA:67,5,0,0
BRDA:67,5,1,1
BRF:11
BRH:10
end_of_record
TN:
SF:/home/travis/build/AlexAegis/advent-of-code/src/2018/day10/vector.class.ts
FN:4,(anonymous_0)
FN:6,(anonymous_1)
FN:8,(anonymous_2)
FN:12,(anonymous_3)
FNF:4
FNH:2
FNDA:403,(anonymous_0)
FNDA:0,(anonymous_1)
FNDA:0,(anonymous_2)
FNDA:403,(anonymous_3)
DA:1,1
DA:3,1
DA:4,403
DA:6,403
DA:9,0
DA:13,403
DA:14,403
LF:7
LH:6
BRF:0
BRH:0
end_of_record
TN:
SF:/home/travis/build/AlexAegis/advent-of-code/src/2018/day11/coord.class.ts
FN:14,(anonymous_0)
FN:16,(anonymous_1)
FN:22,(anonymous_2)
FN:28,(anonymous_3)
FNF:4
FNH:4
FNDA:978099,(anonymous_0)
FNDA:799245,(anonymous_1)
FNDA:88805,(anonymous_2)
FNDA:889237,(anonymous_3)
DA:1,1
DA:2,1
DA:14,978099
DA:17,799245
DA:18,799245
DA:19,799245
DA:23,88805
DA:24,799245
DA:29,889237
LF:9
LH:9
BRF:0
BRH:0
end_of_record
TN:
SF:/home/travis/build/AlexAegis/advent-of-code/src/2018/day11/part_one.ts
FN:4,(anonymous_0)
FN:5,(anonymous_1)
FN:19,(anonymous_2)
FN:20,(anonymous_3)
FN:20,(anonymous_4)
FN:34,(anonymous_5)
FNF:6
FNH:5
FNDA:1,(anonymous_0)
FNDA:1,(anonymous_1)
FNDA:88804,(anonymous_2)
FNDA:799236,(anonymous_3)
FNDA:799236,(anonymous_4)
FNDA:0,(anonymous_5)
DA:2,1
DA:4,1
DA:5,1
DA:6,1
DA:8,1
DA:9,90000
DA:10,90000
DA:11,90000
DA:12,90000
DA:13,90000
DA:14,90000
DA:15,90000
DA:18,1
DA:20,799236
DA:21,88804
DA:22,12
DA:23,12
DA:25,88804
DA:29,1
DA:32,1
DA:33,0
DA:34,0
DA:35,0
DA:36,0
LF:24
LH:20
BRDA:4,0,0,1
BRDA:21,1,0,12
BRDA:21,1,1,88792
BRDA:32,2,0,0
BRDA:32,2,1,1
BRF:5
BRH:4
end_of_record
TN:
SF:/home/travis/build/AlexAegis/advent-of-code/src/2018/day11/part_two.rework.ts
FNF:0
FNH:0
LF:0
LH:0
BRF:0
BRH:0
end_of_record
TN:
SF:/home/travis/build/AlexAegis/advent-of-code/src/2018/day11/part_two.ts
FN:7,(anonymous_0)
FN:8,(anonymous_1)
FN:15,(anonymous_2)
FN:16,(anonymous_3)
FN:34,(anonymous_4)
FN:34,(anonymous_5)
FN:48,(anonymous_6)
FN:65,(anonymous_7)
FNF:8
FNH:0
FNDA:0,(anonymous_0)
FNDA:0,(anonymous_1)
FNDA:0,(anonymous_2)
FNDA:0,(anonymous_3)
FNDA:0,(anonymous_4)
FNDA:0,(anonymous_5)
FNDA:0,(anonymous_6)
FNDA:0,(anonymous_7)
DA:7,0
DA:8,0
DA:9,0
DA:10,0
DA:11,0
DA:12,0
DA:13,0
DA:16,0
DA:17,0
DA:18,0
DA:19,0
DA:20,0
DA:21,0
DA:22,0
DA:23,0
DA:25,0
DA:26,0
DA:27,0
DA:28,0
DA:29,0
DA:30,0
DA:31,0
DA:34,0
DA:35,0
DA:36,0
DA:37,0
DA:40,0
DA:47,0
DA:48,0
DA:49,0
DA:50,0
DA:52,0
DA:53,0
DA:54,0
DA:55,0
DA:57,0
DA:59,0
DA:60,0
DA:63,0
DA:64,0
DA:65,0
DA:66,0
DA:67,0
LF:43
LH:0
BRDA:7,0,0,0
BRDA:35,1,0,0
BRDA:35,1,1,0
BRDA:49,2,0,0
BRDA:49,2,1,0
BRDA:52,3,0,0
BRDA:52,3,1,0
BRDA:63,4,0,0
BRDA:63,4,1,0
BRF:9
BRH:0
end_of_record
TN:
SF:/home/travis/build/AlexAegis/advent-of-code/src/2018/day11/range.generator.ts
FN:5,range
FNF:1
FNH:1
FNDA:2,range
DA:1,1
DA:5,1
DA:6,2
DA:7,598
DA:8,178804
LF:5
LH:5
BRF:0
BRH:0
end_of_record
TN:
SF:/home/travis/build/AlexAegis/advent-of-code/src/2018/day11/ripple.function.ts
FN:3,(anonymous_0)
FNF:1
FNH:1
FNDA:1,(anonymous_0)
DA:1,1
DA:3,1
DA:4,1
DA:5,1
DA:6,0
DA:8,1
DA:9,10
DA:10,10
DA:11,10
DA:12,10
DA:14,1
LF:11
LH:10
BRDA:3,0,0,0
BRDA:3,1,0,0
BRDA:5,2,0,0
BRDA:5,2,1,1
BRF:4
BRH:1
end_of_record
TN:
SF:/home/travis/build/AlexAegis/advent-of-code/src/2018/day12/cave.class.ts
FN:1,(anonymous_0)
FN:6,(anonymous_1)
FN:14,(anonymous_2)
FN:18,(anonymous_3)
FN:19,(anonymous_4)
FN:22,(anonymous_5)
FN:26,(anonymous_6)
FN:37,(anonymous_7)
FNF:8
FNH:6
FNDA:5,(anonymous_0)
FNDA:269,(anonymous_1)
FNDA:214,(anonymous_2)
FNDA:217,(anonymous_3)
FNDA:24815,(anonymous_4)
FNDA:0,(anonymous_5)
FNDA:538,(anonymous_6)
FNDA:0,(anonymous_7)
DA:1,1
DA:3,5
DA:4,5
DA:7,269
DA:8,269
DA:9,269
DA:10,269
DA:11,269
DA:15,214
DA:19,24815
DA:23,0
DA:27,538
DA:28,538
DA:29,1931
DA:30,538
DA:32,1393
DA:34,538
DA:38,0
LF:18
LH:16
BRDA:15,0,0,214
BRDA:15,0,1,0
BRDA:19,1,0,9850
BRDA:19,1,1,14965
BRDA:23,2,0,0
BRDA:23,2,1,0
BRDA:26,3,0,269
BRDA:29,4,0,538
BRDA:29,4,1,1393
BRDA:29,5,0,566
BRDA:29,5,1,1365
BRDA:29,6,0,566
BRDA:29,6,1,1365
BRF:13
BRH:10
end_of_record
TN:
SF:/home/travis/build/AlexAegis/advent-of-code/src/2018/day12/part_one.ts
FN:3,(anonymous_0)
FN:4,(anonymous_1)
FN:28,(anonymous_2)
FNF:3
FNH:2
FNDA:2,(anonymous_0)
FNDA:2,(anonymous_1)
FNDA:0,(anonymous_2)
DA:1,1
DA:3,1
DA:4,2
DA:5,2
DA:6,2
DA:8,2
DA:9,40
DA:10,40
DA:11,2936
DA:12,2936
DA:13,1554
DA:15,1382
DA:18,40
DA:19,40
DA:23,2
DA:26,1
DA:27,0
DA:28,0
DA:29,0
DA:30,0
LF:20
LH:16
BRDA:3,0,0,1
BRDA:12,1,0,1554
BRDA:12,1,1,1382
BRDA:13,2,0,776
BRDA:13,2,1,778
BRDA:26,3,0,0
BRDA:26,3,1,1
BRF:7
BRH:6
end_of_record
TN:
SF:/home/travis/build/AlexAegis/advent-of-code/src/2018/day12/part_two.ts
FN:3,(anonymous_0)
FN:4,(anonymous_1)
FN:27,(anonymous_2)
FN:42,(anonymous_3)
FNF:4
FNH:3
FNDA:2,(anonymous_0)
FNDA:2,(anonymous_1)
FNDA:451,(anonymous_2)
FNDA:0,(anonymous_3)
DA:1,1
DA:3,1
DA:4,2
DA:5,2
DA:6,2
DA:8,2
DA:9,2
DA:10,2
DA:11,214
DA:12,214
DA:13,23600
DA:14,23600
DA:15,13400
DA:17,10200
DA:20,214
DA:21,214
DA:22,214
DA:23,214
DA:25,214
DA:27,451
DA:30,2
DA:34,2
DA:37,2
DA:40,1
DA:41,0
DA:42,0
DA:43,0
DA:44,0
LF:28
LH:24
BRDA:3,0,0,1
BRDA:14,1,0,13400
BRDA:14,1,1,10200
BRDA:15,2,0,6718
BRDA:15,2,1,6682
BRDA:25,3,0,2
BRDA:25,3,1,212
BRDA:26,4,0,214
BRDA:26,4,1,206
BRDA:40,5,0,0
BRDA:40,5,1,1
BRF:11
BRH:10
end_of_record
TN:
SF:/home/travis/build/AlexAegis/advent-of-code/src/2018/day12/reader.function.ts
FN:5,(anonymous_0)
FN:6,(anonymous_1)
FN:11,(anonymous_2)
FN:21,(anonymous_3)
FNF:4
FNH:4
FNDA:4,(anonymous_0)
FNDA:4,(anonymous_1)
FNDA:116,(anonymous_2)
FNDA:4,(anonymous_3)
DA:1,1
DA:2,1
DA:3,1
DA:5,1
DA:6,4
DA:7,4
DA:8,4
DA:12,116
DA:13,4
DA:14,112
DA:15,108
DA:16,108
DA:17,60
DA:21,4
LF:14
LH:14
BRDA:5,0,0,0
BRDA:12,1,0,4
BRDA:12,1,1,112
BRDA:14,2,0,108
BRDA:14,2,1,4
BRDA:16,3,0,60
BRDA:16,3,1,48
BRF:7
BRH:6
end_of_record
TN:
SF:/home/travis/build/AlexAegis/advent-of-code/src/2018/day13/cart.class.ts
FN:10,(anonymous_0)
FN:14,(anonymous_1)
FN:35,(anonymous_2)
FN:36,(anonymous_3)
FN:38,(anonymous_4)
FNF:5
FNH:5
FNDA:37,(anonymous_0)
FNDA:3486,(anonymous_1)
FNDA:3486,(anonymous_2)
FNDA:58552,(anonymous_3)
FNDA:64,(anonymous_4)
DA:3,1
DA:7,1
DA:9,37
DA:10,37
DA:11,37
DA:15,3486
DA:16,3486
DA:17,3486
DA:18,1306
DA:20,447
DA:21,447
DA:23,425
DA:24,425
DA:26,1306
DA:28,2180
DA:30,3486
DA:31,9
DA:36,58552
DA:37,3486
DA:38,64
DA:40,3486
LF:21
LH:21
BRDA:17,0,0,1306
BRDA:17,0,1,2180
BRDA:19,1,0,447
BRDA:19,1,1,425
BRDA:30,2,0,9
BRDA:30,2,1,3477
BRDA:37,3,0,9
BRDA:37,3,1,3477
BRF:8
BRH:8
end_of_record
TN:
SF:/home/travis/build/AlexAegis/advent-of-code/src/2018/day13/coord.class.ts
FN:5,(anonymous_0)
FN:10,(anonymous_1)
FN:16,(anonymous_2)
FNF:3
FNH:3
FNDA:16546,(anonymous_0)
FNDA:3486,(anonymous_1)
FNDA:137622,(anonymous_2)
DA:1,1
DA:6,16546
DA:7,16546
DA:11,3486
DA:12,3486
DA:13,3486
DA:17,137622
LF:7
LH:7
BRF:0
BRH:0
end_of_record
TN:
SF:/home/travis/build/AlexAegis/advent-of-code/src/2018/day13/direction-marker.type.ts
FNF:0
FNH:0
LF:0
LH:0
BRF:0
BRH:0
end_of_record
TN:
SF:/home/travis/build/AlexAegis/advent-of-code/src/2018/day13/direction.class.ts
FN:8,(anonymous_0)
FN:12,(anonymous_1)
FN:30,(anonymous_2)
FN:34,(anonymous_3)
FN:40,(anonymous_4)
FN:44,(anonymous_5)
FN:55,(anonymous_6)
FNF:7
FNH:7
FNDA:37,(anonymous_0)
FNDA:954,(anonymous_1)
FNDA:478,(anonymous_2)
FNDA:476,(anonymous_3)
FNDA:1201,(anonymous_4)
FNDA:2192,(anonymous_5)
FNDA:2180,(anonymous_6)
DA:1,1
DA:5,1
DA:8,37
DA:9,37
DA:13,954
DA:14,954
DA:16,185
DA:17,185
DA:19,214
DA:20,214
DA:22,288
DA:23,288
DA:25,267
DA:26,267
DA:31,478
DA:35,476
DA:38,1
DA:41,1201
DA:45,2192
DA:48,1
DA:56,2180
DA:57,1016
DA:58,12
DA:59,1004
DA:60,24
DA:62,1164
DA:63,1164
DA:64,27
DA:65,1137
DA:66,19
LF:30
LH:30
BRDA:12,0,0,476
BRDA:12,1,0,478
BRDA:15,2,0,185
BRDA:15,2,1,214
BRDA:15,2,2,288
BRDA:15,2,3,267
BRDA:41,3,0,1201
BRDA:41,3,1,688
BRDA:45,4,0,2192
BRDA:45,4,1,1679
BRDA:56,5,0,1016
BRDA:56,5,1,1164
BRDA:57,6,0,12
BRDA:57,6,1,1004
BRDA:59,7,0,24
BRDA:59,7,1,980
BRDA:62,8,0,1164
BRDA:62,8,1,0
BRDA:63,9,0,27
BRDA:63,9,1,1137
BRDA:65,10,0,19
BRDA:65,10,1,1118
BRF:22
BRH:21
end_of_record
TN:
SF:/home/travis/build/AlexAegis/advent-of-code/src/2018/day13/mine.class.ts
FN:5,(anonymous_0)
FN:11,(anonymous_1)
FN:18,(anonymous_2)
FN:19,(anonymous_3)
FNF:4
FNH:4
FNDA:4,(anonymous_0)
FNDA:1,(anonymous_1)
FNDA:49,(anonymous_2)
FNDA:147,(anonymous_3)
DA:2,1
DA:5,1
DA:6,4
DA:7,4
DA:8,4
DA:12,1
DA:13,1
DA:14,7
DA:15,7
DA:16,49
DA:17,49
DA:18,49
DA:19,147
DA:20,49
DA:21,0
DA:22,49
DA:23,1
DA:24,48
DA:25,29
DA:27,19
DA:30,7
LF:21
LH:20
BRDA:11,0,0,0
BRDA:20,1,0,0
BRDA:20,1,1,49
BRDA:20,2,0,49
BRDA:20,2,1,49
BRDA:22,3,0,1
BRDA:22,3,1,48
BRDA:24,4,0,29
BRDA:24,4,1,19
BRF:9
BRH:7
end_of_record
TN:
SF:/home/travis/build/AlexAegis/advent-of-code/src/2018/day13/part_one.ts
FN:7,(anonymous_0)
FN:8,(anonymous_1)
FN:15,(anonymous_2)
FN:16,(anonymous_3)
FN:21,(anonymous_4)
FN:22,(anonymous_5)
FN:27,(anonymous_6)
FNF:7
FNH:6
FNDA:3,(anonymous_0)
FNDA:3,(anonymous_1)
FNDA:217,(anonymous_2)
FNDA:7552,(anonymous_3)
FNDA:3471,(anonymous_4)
FNDA:3,(anonymous_5)
FNDA:0,(anonymous_6)
DA:1,1
DA:2,1
DA:5,1
DA:7,1
DA:8,3
DA:9,3
DA:10,3
DA:11,3
DA:16,217
DA:17,7552
DA:21,3471
DA:22,3
DA:25,1
DA:26,0
DA:27,0
DA:28,0
DA:29,0
LF:17
LH:13
BRDA:7,0,0,0
BRDA:17,1,0,164
BRDA:17,1,1,7388
BRDA:25,2,0,0
BRDA:25,2,1,1
BRF:5
BRH:3
end_of_record
TN:
SF:/home/travis/build/AlexAegis/advent-of-code/src/2018/day13/part_two.ts
FN:7,(anonymous_0)
FN:8,(anonymous_1)
FN:14,(anonymous_2)
FN:16,(anonymous_3)
FN:17,(anonymous_4)
FN:22,(anonymous_5)
FN:23,(anonymous_6)
FN:27,(anonymous_7)
FN:27,(anonymous_8)
FN:35,(anonymous_9)
FNF:10
FNH:9
FNDA:1,(anonymous_0)
FNDA:1,(anonymous_1)
FNDA:4,(anonymous_2)
FNDA:3,(anonymous_3)
FNDA:12,(anonymous_4)
FNDA:15,(anonymous_5)
FNDA:1,(anonymous_6)
FNDA:4,(anonymous_7)
FNDA:3,(anonymous_8)
FNDA:0,(anonymous_9)
DA:1,1
DA:2,1
DA:3,1
DA:7,1
DA:8,1
DA:9,1
DA:10,1
DA:12,1
DA:14,4
DA:17,3
DA:18,12
DA:22,15
DA:24,1
DA:25,1
DA:27,4
DA:28,3
DA:29,3
DA:33,1
DA:34,0
DA:35,0
DA:36,0
DA:37,0
LF:22
LH:18
BRDA:7,0,0,0
BRDA:18,1,0,5
BRDA:18,1,1,7
BRDA:24,2,0,1
BRDA:24,2,1,0
BRDA:33,3,0,0
BRDA:33,3,1,1
BRF:7
BRH:4
end_of_record
TN:
SF:/home/travis/build/AlexAegis/advent-of-code/src/2018/day13/rail.type.ts
FNF:0
FNH:0
LF:0
LH:0
BRF:0
BRH:0
end_of_record
TN:
SF:/home/travis/build/AlexAegis/advent-of-code/src/2018/day13/reader.function.ts
FN:10,(anonymous_0)
FN:11,(anonymous_1)
FN:17,(anonymous_2)
FN:21,(anonymous_3)
FN:22,(anonymous_4)
FN:36,(anonymous_5)
FNF:6
FNH:6
FNDA:4,(anonymous_0)
FNDA:4,(anonymous_1)
FNDA:170,(anonymous_2)
FNDA:22677,(anonymous_3)
FNDA:90665,(anonymous_4)
FNDA:4,(anonymous_5)
DA:1,1
DA:2,1
DA:3,1
DA:6,1
DA:7,1
DA:8,1
DA:10,1
DA:11,4
DA:12,4
DA:13,4
DA:14,4
DA:18,170
DA:19,4
DA:21,170
DA:22,90665
DA:23,37
DA:24,37
DA:25,25
DA:26,12
DA:27,12
DA:30,22677
DA:31,15502
DA:34,170
DA:36,4
LF:24
LH:24
BRDA:10,0,0,0
BRDA:18,1,0,4
BRDA:18,1,1,166
BRDA:22,2,0,37
BRDA:22,2,1,22640
BRDA:24,3,0,25
BRDA:24,3,1,12
BRDA:26,4,0,12
BRDA:26,4,1,0
BRDA:30,5,0,15502
BRDA:30,5,1,7175
BRDA:36,6,0,4
BRDA:36,6,1,4
BRF:13
BRH:11
end_of_record
TN:
SF:/home/travis/build/AlexAegis/advent-of-code/src/2018/day14/part_one.ts
FN:1,(anonymous_0)
FN:2,(anonymous_1)
FN:22,(anonymous_2)
FNF:3
FNH:2
FNDA:5,(anonymous_0)
FNDA:5,(anonymous_1)
FNDA:0,(anonymous_2)
DA:1,1
DA:2,5
DA:3,5
DA:4,5
DA:5,5
DA:6,5
DA:7,254052
DA:8,254052
DA:9,75945
DA:10,75945
DA:12,178107
DA:14,254052
DA:15,254052
DA:17,5
DA:20,1
DA:21,0
DA:22,0
DA:23,0
DA:24,0
LF:19
LH:15
BRDA:1,0,0,1
BRDA:8,1,0,75945
BRDA:8,1,1,178107
BRDA:20,2,0,0
BRDA:20,2,1,1
BRF:5
BRH:4
end_of_record
TN:
SF:/home/travis/build/AlexAegis/advent-of-code/src/2018/day14/part_two.ts
FN:1,shift
FN:7,(anonymous_1)
FN:8,(anonymous_2)
FN:35,(anonymous_3)
FNF:4
FNH:3
FNDA:20233970,shift
FNDA:9,(anonymous_1)
FNDA:9,(anonymous_2)
FNDA:0,(anonymous_3)
DA:2,20233970
DA:3,20233904
DA:4,66
DA:7,1
DA:8,9
DA:9,9
DA:10,9
DA:11,9
DA:12,9
DA:13,9
DA:14,15523438
DA:15,15523438
DA:16,4710534
DA:17,4710534
DA:18,4710534
DA:19,4710532
DA:20,4710532
DA:21,4710532
DA:23,10812904
DA:24,10812904
DA:25,10812904
DA:27,15523429
DA:28,15523429
DA:30,9
DA:33,1
DA:34,0
DA:35,0
DA:36,0
DA:37,0
LF:29
LH:25
BRDA:2,0,0,20233904
BRDA:2,0,1,66
BRDA:7,1,0,1
BRDA:15,2,0,4710534
BRDA:15,2,1,10812904
BRDA:18,3,0,2
BRDA:18,3,1,4710532
BRDA:21,4,0,2
BRDA:21,4,1,4710530
BRDA:25,5,0,5
BRDA:25,5,1,10812899
BRDA:33,6,0,0
BRDA:33,6,1,1
BRF:13
BRH:12
end_of_record
TN:
SF:/home/travis/build/AlexAegis/advent-of-code/src/2018/day15/part_one.ts
FN:4,(anonymous_0)
FN:5,(anonymous_1)
FN:25,(anonymous_2)
FNF:3
FNH:0
FNDA:0,(anonymous_0)
FNDA:0,(anonymous_1)
FNDA:0,(anonymous_2)
DA:4,0
DA:5,0
DA:6,0
DA:7,0
DA:8,0
DA:10,0
DA:21,0
DA:23,0
DA:25,0
DA:26,0
DA:28,0
DA:29,0
LF:12
LH:0
BRDA:4,0,0,0
BRF:1
BRH:0
end_of_record
TN:
SF:/home/travis/build/AlexAegis/advent-of-code/src/2018/day15/element/element.factory.ts
FN:10,(anonymous_0)
FNF:1
FNH:0
FNDA:0,(anonymous_0)
DA:5,0
DA:10,0
LF:2
LH:0
BRF:0
BRH:0
end_of_record
TN:
SF:/home/travis/build/AlexAegis/advent-of-code/src/2018/day15/element/block/block.factory.ts
FN:5,(anonymous_0)
FN:5,(anonymous_1)
FN:6,(anonymous_2)
FNF:3
FNH:0
FNDA:0,(anonymous_0)
FNDA:0,(anonymous_1)
FNDA:0,(anonymous_2)
DA:5,0
DA:6,0
LF:2
LH:0
BRF:0
BRH:0
end_of_record
TN:
SF:/home/travis/build/AlexAegis/advent-of-code/src/2018/day15/element/block/ground.class.ts
FN:7,(anonymous_0)
FN:11,(anonymous_1)
FN:16,(anonymous_2)
FN:20,(anonymous_3)
FN:24,(anonymous_4)
FNF:5
FNH:0
FNDA:0,(anonymous_0)
FNDA:0,(anonymous_1)
FNDA:0,(anonymous_2)
FNDA:0,(anonymous_3)
FNDA:0,(anonymous_4)
DA:8,0
DA:12,0
DA:13,0
DA:17,0
DA:21,0
DA:25,0
LF:6
LH:0
BRDA:21,0,0,0
BRDA:21,0,1,0
BRDA:25,1,0,0
BRDA:25,1,1,0
BRF:4
BRH:0
end_of_record
TN:
SF:/home/travis/build/AlexAegis/advent-of-code/src/2018/day15/element/block/vertice.class.ts
FNF:0
FNH:0
LF:0
LH:0
BRF:0
BRH:0
end_of_record
TN:
SF:/home/travis/build/AlexAegis/advent-of-code/src/2018/day15/element/block/wall.class.ts
FN:4,(anonymous_0)
FNF:1
FNH:0
FNDA:0,(anonymous_0)
DA:5,0
DA:6,0
LF:2
LH:0
BRF:0
BRH:0
end_of_record
TN:
SF:/home/travis/build/AlexAegis/advent-of-code/src/2018/day15/element/creature/creature.class.ts
FN:10,(anonymous_0)
FN:15,(anonymous_1)
FNF:2
FNH:0
FNDA:0,(anonymous_0)
FNDA:0,(anonymous_1)
DA:5,0
DA:6,0
DA:11,0
DA:12,0
DA:16,0
LF:5
LH:0
BRF:0
BRH:0
end_of_record
TN:
SF:/home/travis/build/AlexAegis/advent-of-code/src/2018/day15/element/creature/creature.factory.ts
FN:5,(anonymous_0)
FN:5,(anonymous_1)
FN:6,(anonymous_2)
FNF:3
FNH:0
FNDA:0,(anonymous_0)
FNDA:0,(anonymous_1)
FNDA:0,(anonymous_2)
DA:5,0
DA:6,0
LF:2
LH:0
BRF:0
BRH:0
end_of_record
TN:
SF:/home/travis/build/AlexAegis/advent-of-code/src/2018/day15/element/creature/elf.class.ts
FN:4,(anonymous_0)
FNF:1
FNH:0
FNDA:0,(anonymous_0)
DA:5,0
LF:1
LH:0
BRF:0
BRH:0
end_of_record
TN:
SF:/home/travis/build/AlexAegis/advent-of-code/src/2018/day15/element/creature/goblin.class.ts
FN:4,(anonymous_0)
FNF:1
FNH:0
FNDA:0,(anonymous_0)
DA:5,0
LF:1
LH:0
BRF:0
BRH:0
end_of_record
TN:
SF:/home/travis/build/AlexAegis/advent-of-code/src/2018/day15/path/astar.class.ts
FN:7,(anonymous_0)
FNF:1
FNH:0
FNDA:0,(anonymous_0)
DA:4,0
DA:5,0
LF:2
LH:0
BRF:0
BRH:0
end_of_record
TN:
SF:/home/travis/build/AlexAegis/advent-of-code/src/2018/day15/path/convertable.interface.ts
FNF:0
FNH:0
LF:0
LH:0
BRF:0
BRH:0
end_of_record
